生成启动时间为 2021/6/25 10:28:20。
     1>项目“D:\lxy\winproject\http_client\ConsoleApplication1\ConsoleApplication1.vcxproj”在节点 2 上(Build 个目标)。
     1>ClCompile:
         D:\visual 2012\Microsoft Visual Studio 11.0\VC\bin\CL.exe /c /ID:\lxy\winproject\http_client\ConsoleApplication1\ /ZI /nologo /W3 /WX- /Od /Oy- /D WIN32 /D _DEBUG /D _CONSOLE /D _UNICODE /D UNICODE /Gm /EHsc /RTC1 /MDd /GS /fp:precise /Zc:wchar_t /Zc:forScope /Fo"Debug\\" /Fd"Debug\vc110.pdb" /Gd /TC /analyze- /errorReport:prompt http_client.c
         http_client.c
     1>d:\lxy\winproject\http_client\consoleapplication1\http_client.c(46): warning C4013: “appect_post”未定义；假设外部返回 int
     1>d:\lxy\winproject\http_client\consoleapplication1\http_client.c(53): warning C4013: “appect_get”未定义；假设外部返回 int
     1>d:\lxy\winproject\http_client\consoleapplication1\http_client.c(15): warning C4101: “n”: 未引用的局部变量
     1>d:\lxy\winproject\http_client\consoleapplication1\http_client.c(73): warning C4996: 'strcpy': This function or variable may be unsafe. Consider using strcpy_s instead. To disable deprecation, use _CRT_SECURE_NO_WARNINGS. See online help for details.
                 d:\visual 2012\microsoft visual studio 11.0\vc\include\string.h(110) : 参见“strcpy”的声明
     1>d:\lxy\winproject\http_client\consoleapplication1\http_client.c(74): warning C4996: 'strcat': This function or variable may be unsafe. Consider using strcat_s instead. To disable deprecation, use _CRT_SECURE_NO_WARNINGS. See online help for details.
                 d:\visual 2012\microsoft visual studio 11.0\vc\include\string.h(115) : 参见“strcat”的声明
     1>d:\lxy\winproject\http_client\consoleapplication1\http_client.c(75): warning C4996: 'strcat': This function or variable may be unsafe. Consider using strcat_s instead. To disable deprecation, use _CRT_SECURE_NO_WARNINGS. See online help for details.
                 d:\visual 2012\microsoft visual studio 11.0\vc\include\string.h(115) : 参见“strcat”的声明
     1>d:\lxy\winproject\http_client\consoleapplication1\http_client.c(76): warning C4996: 'strcat': This function or variable may be unsafe. Consider using strcat_s instead. To disable deprecation, use _CRT_SECURE_NO_WARNINGS. See online help for details.
                 d:\visual 2012\microsoft visual studio 11.0\vc\include\string.h(115) : 参见“strcat”的声明
     1>d:\lxy\winproject\http_client\consoleapplication1\http_client.c(78): warning C4996: 'sprintf': This function or variable may be unsafe. Consider using sprintf_s instead. To disable deprecation, use _CRT_SECURE_NO_WARNINGS. See online help for details.
                 d:\visual 2012\microsoft visual studio 11.0\vc\include\stdio.h(357) : 参见“sprintf”的声明
     1>d:\lxy\winproject\http_client\consoleapplication1\http_client.c(79): warning C4996: 'strcat': This function or variable may be unsafe. Consider using strcat_s instead. To disable deprecation, use _CRT_SECURE_NO_WARNINGS. See online help for details.
                 d:\visual 2012\microsoft visual studio 11.0\vc\include\string.h(115) : 参见“strcat”的声明
     1>d:\lxy\winproject\http_client\consoleapplication1\http_client.c(80): warning C4996: 'strcat': This function or variable may be unsafe. Consider using strcat_s instead. To disable deprecation, use _CRT_SECURE_NO_WARNINGS. See online help for details.
                 d:\visual 2012\microsoft visual studio 11.0\vc\include\string.h(115) : 参见“strcat”的声明
     1>d:\lxy\winproject\http_client\consoleapplication1\http_client.c(81): warning C4996: 'strcat': This function or variable may be unsafe. Consider using strcat_s instead. To disable deprecation, use _CRT_SECURE_NO_WARNINGS. See online help for details.
                 d:\visual 2012\microsoft visual studio 11.0\vc\include\string.h(115) : 参见“strcat”的声明
     1>d:\lxy\winproject\http_client\consoleapplication1\http_client.c(82): warning C4996: 'strcat': This function or variable may be unsafe. Consider using strcat_s instead. To disable deprecation, use _CRT_SECURE_NO_WARNINGS. See online help for details.
                 d:\visual 2012\microsoft visual studio 11.0\vc\include\string.h(115) : 参见“strcat”的声明
     1>d:\lxy\winproject\http_client\consoleapplication1\http_client.c(83): warning C4996: 'strcat': This function or variable may be unsafe. Consider using strcat_s instead. To disable deprecation, use _CRT_SECURE_NO_WARNINGS. See online help for details.
                 d:\visual 2012\microsoft visual studio 11.0\vc\include\string.h(115) : 参见“strcat”的声明
     1>d:\lxy\winproject\http_client\consoleapplication1\http_client.c(84): warning C4996: 'strcat': This function or variable may be unsafe. Consider using strcat_s instead. To disable deprecation, use _CRT_SECURE_NO_WARNINGS. See online help for details.
                 d:\visual 2012\microsoft visual studio 11.0\vc\include\string.h(115) : 参见“strcat”的声明
     1>d:\lxy\winproject\http_client\consoleapplication1\http_client.c(85): warning C4996: 'strcat': This function or variable may be unsafe. Consider using strcat_s instead. To disable deprecation, use _CRT_SECURE_NO_WARNINGS. See online help for details.
                 d:\visual 2012\microsoft visual studio 11.0\vc\include\string.h(115) : 参见“strcat”的声明
     1>d:\lxy\winproject\http_client\consoleapplication1\http_client.c(93): warning C4996: 'strcpy': This function or variable may be unsafe. Consider using strcpy_s instead. To disable deprecation, use _CRT_SECURE_NO_WARNINGS. See online help for details.
                 d:\visual 2012\microsoft visual studio 11.0\vc\include\string.h(110) : 参见“strcpy”的声明
     1>d:\lxy\winproject\http_client\consoleapplication1\http_client.c(94): warning C4996: 'strcat': This function or variable may be unsafe. Consider using strcat_s instead. To disable deprecation, use _CRT_SECURE_NO_WARNINGS. See online help for details.
                 d:\visual 2012\microsoft visual studio 11.0\vc\include\string.h(115) : 参见“strcat”的声明
     1>d:\lxy\winproject\http_client\consoleapplication1\http_client.c(95): warning C4996: 'strcat': This function or variable may be unsafe. Consider using strcat_s instead. To disable deprecation, use _CRT_SECURE_NO_WARNINGS. See online help for details.
                 d:\visual 2012\microsoft visual studio 11.0\vc\include\string.h(115) : 参见“strcat”的声明
     1>d:\lxy\winproject\http_client\consoleapplication1\http_client.c(96): warning C4996: 'strcat': This function or variable may be unsafe. Consider using strcat_s instead. To disable deprecation, use _CRT_SECURE_NO_WARNINGS. See online help for details.
                 d:\visual 2012\microsoft visual studio 11.0\vc\include\string.h(115) : 参见“strcat”的声明
     1>d:\lxy\winproject\http_client\consoleapplication1\http_client.c(97): warning C4996: 'strcat': This function or variable may be unsafe. Consider using strcat_s instead. To disable deprecation, use _CRT_SECURE_NO_WARNINGS. See online help for details.
                 d:\visual 2012\microsoft visual studio 11.0\vc\include\string.h(115) : 参见“strcat”的声明
     1>d:\lxy\winproject\http_client\consoleapplication1\http_client.c(98): warning C4996: 'strcat': This function or variable may be unsafe. Consider using strcat_s instead. To disable deprecation, use _CRT_SECURE_NO_WARNINGS. See online help for details.
                 d:\visual 2012\microsoft visual studio 11.0\vc\include\string.h(115) : 参见“strcat”的声明
     1>d:\lxy\winproject\http_client\consoleapplication1\http_client.c(99): warning C4996: 'strcat': This function or variable may be unsafe. Consider using strcat_s instead. To disable deprecation, use _CRT_SECURE_NO_WARNINGS. See online help for details.
                 d:\visual 2012\microsoft visual studio 11.0\vc\include\string.h(115) : 参见“strcat”的声明
     1>d:\lxy\winproject\http_client\consoleapplication1\http_client.c(100): warning C4996: 'strcat': This function or variable may be unsafe. Consider using strcat_s instead. To disable deprecation, use _CRT_SECURE_NO_WARNINGS. See online help for details.
                 d:\visual 2012\microsoft visual studio 11.0\vc\include\string.h(115) : 参见“strcat”的声明
     1>d:\lxy\winproject\http_client\consoleapplication1\http_client.c(101): warning C4996: 'strcat': This function or variable may be unsafe. Consider using strcat_s instead. To disable deprecation, use _CRT_SECURE_NO_WARNINGS. See online help for details.
                 d:\visual 2012\microsoft visual studio 11.0\vc\include\string.h(115) : 参见“strcat”的声明
     1>d:\lxy\winproject\http_client\consoleapplication1\http_client.c(103): warning C4996: 'sprintf': This function or variable may be unsafe. Consider using sprintf_s instead. To disable deprecation, use _CRT_SECURE_NO_WARNINGS. See online help for details.
                 d:\visual 2012\microsoft visual studio 11.0\vc\include\stdio.h(357) : 参见“sprintf”的声明
     1>d:\lxy\winproject\http_client\consoleapplication1\http_client.c(104): warning C4996: 'strcat': This function or variable may be unsafe. Consider using strcat_s instead. To disable deprecation, use _CRT_SECURE_NO_WARNINGS. See online help for details.
                 d:\visual 2012\microsoft visual studio 11.0\vc\include\string.h(115) : 参见“strcat”的声明
     1>d:\lxy\winproject\http_client\consoleapplication1\http_client.c(105): warning C4996: 'strcat': This function or variable may be unsafe. Consider using strcat_s instead. To disable deprecation, use _CRT_SECURE_NO_WARNINGS. See online help for details.
                 d:\visual 2012\microsoft visual studio 11.0\vc\include\string.h(115) : 参见“strcat”的声明
     1>d:\lxy\winproject\http_client\consoleapplication1\http_client.c(106): warning C4996: 'strcat': This function or variable may be unsafe. Consider using strcat_s instead. To disable deprecation, use _CRT_SECURE_NO_WARNINGS. See online help for details.
                 d:\visual 2012\microsoft visual studio 11.0\vc\include\string.h(115) : 参见“strcat”的声明
     1>d:\lxy\winproject\http_client\consoleapplication1\http_client.c(86): warning C4716: “appect_post”: 必须返回一个值
     1>d:\lxy\winproject\http_client\consoleapplication1\http_client.c(107): warning C4716: “appect_get”: 必须返回一个值
       Link:
         D:\visual 2012\Microsoft Visual Studio 11.0\VC\bin\link.exe /ERRORREPORT:PROMPT /OUT:"D:\lxy\winproject\http_client\Debug\http_client.exe" /INCREMENTAL /NOLOGO kernel32.lib user32.lib gdi32.lib winspool.lib comdlg32.lib advapi32.lib shell32.lib ole32.lib oleaut32.lib uuid.lib odbc32.lib odbccp32.lib /MANIFEST /MANIFESTUAC:"level='asInvoker' uiAccess='false'" /manifest:embed /DEBUG /PDB:"D:\lxy\winproject\http_client\Debug\http_client.pdb" /SUBSYSTEM:CONSOLE /TLBID:1 /DYNAMICBASE /NXCOMPAT /IMPLIB:"D:\lxy\winproject\http_client\Debug\http_client.lib" /MACHINE:X86 Debug\http_client.obj
         ConsoleApplication1.vcxproj -> D:\lxy\winproject\http_client\Debug\http_client.exe
     1>已完成生成项目“D:\lxy\winproject\http_client\ConsoleApplication1\ConsoleApplication1.vcxproj”(Build 个目标)的操作。

生成成功。

已用时间 00:00:01.07
